<?xml version="1.0" encoding="UTF-8"?>
<!-- Generated by org.testng.reporters.JUnitReportReporter -->
<testsuite skipped="0" hostname="DESKTOP-IU9I2LU" name="Maven.Project.SeleniumTest" tests="1" failures="0" timestamp="2021-05-04T15:04:53 IST" time="0.000" errors="0">
  <testcase name="SeleniumTests" time="0.000" classname="Maven.Project.SeleniumTest"/>
  <system-out/>
</testsuite> <!-- Maven.Project.SeleniumTest -->
